<?xml version="1.0" encoding="UTF-8"?>
<testsuite name="ContactTests" tests="7" skipped="0" failures="0" errors="0" timestamp="2020-06-16T01:15:23" hostname="DESKTOP-KQI6SFD" time="0.249">
  <properties/>
  <testcase name="insertContactTest()" classname="ContactTests" time="0.177"/>
  <testcase name="invalidIdTest()" classname="ContactTests" time="0.008"/>
  <testcase name="updateContactTest()" classname="ContactTests" time="0.012"/>
  <testcase name="getContactTest()" classname="ContactTests" time="0.002"/>
  <testcase name="getContactListTest()" classname="ContactTests" time="0.002"/>
  <testcase name="deleteContactTest()" classname="ContactTests" time="0.006"/>
  <testcase name="pathwayTest()" classname="ContactTests" time="0.038"/>
  <system-out><![CDATA[21:15:22.543 [Test worker] DEBUG org.springframework.test.context.BootstrapUtils - Instantiating CacheAwareContextLoaderDelegate from class [org.springframework.test.context.cache.DefaultCacheAwareContextLoaderDelegate]
21:15:22.553 [Test worker] DEBUG org.springframework.test.context.BootstrapUtils - Instantiating BootstrapContext using constructor [public org.springframework.test.context.support.DefaultBootstrapContext(java.lang.Class,org.springframework.test.context.CacheAwareContextLoaderDelegate)]
21:15:22.574 [Test worker] DEBUG org.springframework.test.context.BootstrapUtils - Instantiating TestContextBootstrapper for test class [ContactTests] from class [org.springframework.boot.test.context.SpringBootTestContextBootstrapper]
21:15:22.585 [Test worker] INFO org.springframework.boot.test.context.SpringBootTestContextBootstrapper - Neither @ContextConfiguration nor @ContextHierarchy found for test class [ContactTests], using SpringBootContextLoader
21:15:22.587 [Test worker] DEBUG org.springframework.test.context.support.AbstractContextLoader - Did not detect default resource location for test class [ContactTests]: class path resource [ContactTests-context.xml] does not exist
21:15:22.588 [Test worker] DEBUG org.springframework.test.context.support.AbstractContextLoader - Did not detect default resource location for test class [ContactTests]: class path resource [ContactTestsContext.groovy] does not exist
21:15:22.588 [Test worker] INFO org.springframework.test.context.support.AbstractContextLoader - Could not detect default resource locations for test class [ContactTests]: no resource found for suffixes {-context.xml, Context.groovy}.
21:15:22.706 [Test worker] DEBUG org.springframework.boot.test.context.SpringBootTestContextBootstrapper - @TestExecutionListeners is not present for class [ContactTests]: using defaults.
21:15:22.707 [Test worker] INFO org.springframework.boot.test.context.SpringBootTestContextBootstrapper - Loaded default TestExecutionListener class names from location [META-INF/spring.factories]: [org.springframework.boot.test.autoconfigure.restdocs.RestDocsTestExecutionListener, org.springframework.boot.test.autoconfigure.web.client.MockRestServiceServerResetTestExecutionListener, org.springframework.boot.test.autoconfigure.web.servlet.MockMvcPrintOnlyOnFailureTestExecutionListener, org.springframework.boot.test.autoconfigure.web.servlet.WebDriverTestExecutionListener, org.springframework.boot.test.autoconfigure.webservices.client.MockWebServiceServerTestExecutionListener, org.springframework.boot.test.mock.mockito.MockitoTestExecutionListener, org.springframework.boot.test.mock.mockito.ResetMocksTestExecutionListener, org.springframework.test.context.web.ServletTestExecutionListener, org.springframework.test.context.support.DirtiesContextBeforeModesTestExecutionListener, org.springframework.test.context.support.DependencyInjectionTestExecutionListener, org.springframework.test.context.support.DirtiesContextTestExecutionListener, org.springframework.test.context.transaction.TransactionalTestExecutionListener, org.springframework.test.context.jdbc.SqlScriptsTestExecutionListener, org.springframework.test.context.event.EventPublishingTestExecutionListener]
21:15:22.715 [Test worker] DEBUG org.springframework.boot.test.context.SpringBootTestContextBootstrapper - Skipping candidate TestExecutionListener [org.springframework.test.context.transaction.TransactionalTestExecutionListener] due to a missing dependency. Specify custom listener classes or make the default listener classes and their required dependencies available. Offending class: [org/springframework/transaction/interceptor/TransactionAttributeSource]
21:15:22.715 [Test worker] DEBUG org.springframework.boot.test.context.SpringBootTestContextBootstrapper - Skipping candidate TestExecutionListener [org.springframework.test.context.jdbc.SqlScriptsTestExecutionListener] due to a missing dependency. Specify custom listener classes or make the default listener classes and their required dependencies available. Offending class: [org/springframework/transaction/interceptor/TransactionAttribute]
21:15:22.715 [Test worker] INFO org.springframework.boot.test.context.SpringBootTestContextBootstrapper - Using TestExecutionListeners: [org.springframework.test.context.web.ServletTestExecutionListener@f383de, org.springframework.test.context.support.DirtiesContextBeforeModesTestExecutionListener@8af2a8, org.springframework.boot.test.mock.mockito.MockitoTestExecutionListener@1567b58, org.springframework.boot.test.autoconfigure.SpringBootDependencyInjectionTestExecutionListener@199a20f, org.springframework.test.context.support.DirtiesContextTestExecutionListener@12a3fd1, org.springframework.test.context.event.EventPublishingTestExecutionListener@f49a6e, org.springframework.boot.test.autoconfigure.restdocs.RestDocsTestExecutionListener@28bd13, org.springframework.boot.test.autoconfigure.web.client.MockRestServiceServerResetTestExecutionListener@77f443, org.springframework.boot.test.autoconfigure.web.servlet.MockMvcPrintOnlyOnFailureTestExecutionListener@b7976b, org.springframework.boot.test.autoconfigure.web.servlet.WebDriverTestExecutionListener@b05839, org.springframework.boot.test.autoconfigure.webservices.client.MockWebServiceServerTestExecutionListener@1e1bbd9, org.springframework.boot.test.mock.mockito.ResetMocksTestExecutionListener@89968a]
21:15:22.718 [Test worker] DEBUG org.springframework.test.context.support.AbstractDirtiesContextTestExecutionListener - Before test class: context [DefaultTestContext@4846c6 testClass = ContactTests, testInstance = [null], testMethod = [null], testException = [null], mergedContextConfiguration = [WebMergedContextConfiguration@2d5b39 testClass = ContactTests, locations = '{}', classes = '{class Application.ContactApplication, class Application.Service.ContactService, class Application.ContactApplication, class Application.Service.ContactService}', contextInitializerClasses = '[]', activeProfiles = '{test}', propertySourceLocations = '{}', propertySourceProperties = '{org.springframework.boot.test.context.SpringBootTestContextBootstrapper=true}', contextCustomizers = set[org.springframework.boot.test.autoconfigure.properties.PropertyMappingContextCustomizer@0, org.springframework.boot.test.autoconfigure.web.servlet.WebDriverContextCustomizerFactory$Customizer@1bca0ec, org.springframework.boot.test.context.filter.ExcludeFilterContextCustomizer@2cf72a, org.springframework.boot.test.json.DuplicateJsonObjectContextCustomizerFactory$DuplicateJsonObjectContextCustomizer@180e945, org.springframework.boot.test.mock.mockito.MockitoContextCustomizer@0, org.springframework.boot.test.web.client.TestRestTemplateContextCustomizer@524917, org.springframework.boot.test.context.SpringBootTestArgs@1], resourceBasePath = 'src/main/webapp', contextLoader = 'org.springframework.boot.test.context.SpringBootContextLoader', parent = [null]], attributes = map['org.springframework.test.context.web.ServletTestExecutionListener.activateListener' -> true]], class annotated with @DirtiesContext [false] with mode [null].
21:15:22.742 [Test worker] DEBUG org.springframework.core.env.StandardEnvironment - Activating profiles [test]
21:15:22.745 [Test worker] DEBUG org.springframework.test.context.support.TestPropertySourceUtils - Adding inlined properties to environment: {spring.jmx.enabled=false, org.springframework.boot.test.context.SpringBootTestContextBootstrapper=true}

  .   ____          _            __ _ _
 /\\ / ___'_ __ _ _(_)_ __  __ _ \ \ \ \
( ( )\___ | '_ | '_| | '_ \/ _` | \ \ \ \
 \\/  ___)| |_)| | | | | || (_| |  ) ) ) )
  '  |____| .__|_| |_|_| |_\__, | / / / /
 =========|_|==============|___/=/_/_/_/
 :: Spring Boot ::        (v2.3.1.RELEASE)

2020-06-15 21:15:22.924  INFO 4164 --- [    Test worker] ContactTests                             : Starting ContactTests on DESKTOP-KQI6SFD with PID 4164 (started by csean in C:\Users\csean\IdeaProjects\Contacts)
2020-06-15 21:15:22.925  INFO 4164 --- [    Test worker] ContactTests                             : The following profiles are active: test
2020-06-15 21:15:23.630  INFO 4164 --- [    Test worker] o.s.s.concurrent.ThreadPoolTaskExecutor  : Initializing ExecutorService 'applicationTaskExecutor'
2020-06-15 21:15:23.805  INFO 4164 --- [    Test worker] ContactTests                             : Started ContactTests in 1.048 seconds (JVM running for 1.769)
]]></system-out>
  <system-err><![CDATA[Argument Error deleting a contact java.lang.IllegalArgumentException: No contact present with this ID
Argument Error updating specific contact java.lang.IllegalArgumentException: No contact present with this ID
Argument Error getting specific contact java.lang.IllegalArgumentException: No contact present with this ID
Argument Error updating specific contact java.lang.IllegalArgumentException: No contact present with this ID
]]></system-err>
</testsuite>
